  Main.cpp
C:\Users\User\Documents\GitHub\Client_Nowon_1800_2000\Client_CPP\STLAlgorithm\Main.cpp(67,20): warning C4018: '<': signed 또는 unsigned가 일치하지 않습니다.
C:\Users\User\Documents\GitHub\Client_Nowon_1800_2000\Client_CPP\STLAlgorithm\Main.cpp(102,20): warning C4018: '<': signed 또는 unsigned가 일치하지 않습니다.
C:\Program Files\Microsoft Visual Studio\2022\Community\VC\Tools\MSVC\14.30.30705\include\xutility(5581,13): error C2672: 'operator __surrogate_func': 일치하는 오버로드된 함수가 없습니다.
C:\Program Files\Microsoft Visual Studio\2022\Community\VC\Tools\MSVC\14.30.30705\include\algorithm(6649): message : 컴파일되는 함수 템플릿 인스턴스화 '_FwdIt std::lower_bound<_BidIt,Player,_Pr>(_FwdIt,const _FwdIt,const _Ty &,_Pr)'에 대한 참조를 확인하세요.
          with
          [
              _FwdIt=Player *,
              _BidIt=Player *,
              _Pr=std::less<void>,
              _Ty=Player
          ]
C:\Program Files\Microsoft Visual Studio\2022\Community\VC\Tools\MSVC\14.30.30705\include\algorithm(6671): message : 컴파일되는 함수 템플릿 인스턴스화 'void std::_Buffered_inplace_merge_divide_and_conquer<_BidIt,_Pr>(_BidIt,_BidIt,_BidIt,int,int,Player *const ,const ptrdiff_t,_Pr)'에 대한 참조를 확인하세요.
          with
          [
              _BidIt=Player *,
              _Pr=std::less<void>
          ]
C:\Program Files\Microsoft Visual Studio\2022\Community\VC\Tools\MSVC\14.30.30705\include\algorithm(6716): message : 컴파일되는 함수 템플릿 인스턴스화 'void std::_Buffered_inplace_merge_unchecked_impl<_BidIt,_Pr>(_BidIt,_BidIt,_BidIt,int,int,Player *const ,const ptrdiff_t,_Pr)'에 대한 참조를 확인하세요.
          with
          [
              _BidIt=Player *,
              _Pr=std::less<void>
          ]
C:\Program Files\Microsoft Visual Studio\2022\Community\VC\Tools\MSVC\14.30.30705\include\algorithm(7691): message : 컴파일되는 함수 템플릿 인스턴스화 'void std::_Buffered_inplace_merge_unchecked<_BidIt,_Pr>(_BidIt,_BidIt,_BidIt,int,int,Player *const ,const ptrdiff_t,_Pr)'에 대한 참조를 확인하세요.
          with
          [
              _BidIt=Player *,
              _Pr=std::less<void>
          ]
C:\Program Files\Microsoft Visual Studio\2022\Community\VC\Tools\MSVC\14.30.30705\include\algorithm(7708): message : 컴파일되는 함수 템플릿 인스턴스화 'void std::_Stable_sort_unchecked<Player*,_Fn>(const _BidIt,const _BidIt,const int,Player *const ,const ptrdiff_t,_Pr)'에 대한 참조를 확인하세요.
          with
          [
              _Fn=std::less<void>,
              _BidIt=Player *,
              _Pr=std::less<void>
          ]
C:\Users\User\Documents\GitHub\Client_Nowon_1800_2000\Client_CPP\STLAlgorithm\Main.cpp(94): message : 컴파일되는 함수 템플릿 인스턴스화 'void std::stable_sort<std::_Vector_iterator<std::_Vector_val<std::_Simple_types<_Ty>>>,std::less<void>>(const _BidIt,const _BidIt,_Pr)'에 대한 참조를 확인하세요.
          with
          [
              _Ty=Player,
              _BidIt=std::_Vector_iterator<std::_Vector_val<std::_Simple_types<Player>>>,
              _Pr=std::less<void>
          ]
C:\Program Files\Microsoft Visual Studio\2022\Community\VC\Tools\MSVC\14.30.30705\include\xutility(5581,1): error C2893: 함수 템플릿 'unknown-type std::less<void>::operator ()(_Ty1 &&,_Ty2 &&) noexcept(<expr>) const'을(를) 특수화하지 못했습니다.
C:\Program Files\Microsoft Visual Studio\2022\Community\VC\Tools\MSVC\14.30.30705\include\xstddef(218): message : 'std::less<void>::operator ()' 선언을 참조하십시오.
C:\Program Files\Microsoft Visual Studio\2022\Community\VC\Tools\MSVC\14.30.30705\include\xutility(5581,1): message : 다음 템플릿 인수 사용:
C:\Program Files\Microsoft Visual Studio\2022\Community\VC\Tools\MSVC\14.30.30705\include\xutility(5581,1): message : '_Ty1=Player &'
C:\Program Files\Microsoft Visual Studio\2022\Community\VC\Tools\MSVC\14.30.30705\include\xutility(5581,1): message : '_Ty2=const _Ty &'
